
2023-07-04 10:37:38: Request:
2023-07-04 10:37:38: Array
(
    [amount] => 6.31
    [currency] => AED
    [payment_methods] => 
    [email] => testdeviser@gmail.com
    [purpose] => Gifto: Gifting made better
    [name] => new test dev
    [phone] => 
    [reference_number] => 484702
    [redirect_url] => https://gifto.co/?wc-api=wc_hitpay&return=1&order_id=484702
    [webhook] => https://gifto.co/?wc-api=wc_hitpay&order_id=484702
    [allow_repeated_payments] => 
    [expiry_date] => 
    [channel] => api_woocomm
    [expires_after] => 
    [wifi_terminal_id] => 
)

2023-07-04 10:37:40: Response:
2023-07-04 10:37:40: Array
(
    [id] => 9990afee-9e88-444f-a25a-b561caabb2c0
    [name] => new test dev
    [email] => testdeviser@gmail.com
    [phone] => 
    [amount] => 6.31
    [currency] => AED
    [status] => pending
    [purpose] => Gifto: Gifting made better
    [reference_number] => 484702
    [payment_methods] => Array
        (
            [0] => card
        )

    [url] => https://securecheckout.sandbox.hit-pay.com/payment-request/@gifto/9990afee-9e88-444f-a25a-b561caabb2c0/checkout
    [redirect_url] => https://gifto.co/?wc-api=wc_hitpay&return=1&order_id=484702
    [webhook] => https://gifto.co/?wc-api=wc_hitpay&order_id=484702
    [send_sms] => 1
    [send_email] => 
    [sms_status] => pending
    [email_status] => pending
    [allow_repeated_payments] => 
    [expiry_date] => 
    [created_at] => 2023-07-04T18:37:39
    [updated_at] => 2023-07-04T18:37:39
)
