2023-12-08T07:16:01+00:00 CRITICAL Uncaught Error: Call to undefined function minimog_require_file_once() in /chroot/home/giftoco/gifto.co/html/wp-content/themes/themes/minimog-child/functions.php:8
Stack trace:
#0 /chroot/home/giftoco/gifto.co/html/wp-settings.php(611): include()
#1 /chroot/home/giftoco/gifto.co/html/wp-config.php(128): require_once('/chroot/home/gi...')
#2 /chroot/home/giftoco/gifto.co/html/wp-load.php(50): require_once('/chroot/home/gi...')
#3 /chroot/home/giftoco/gifto.co/html/reloadlymail.php(2): include('/chroot/home/gi...')
#4 {main}
  thrown in /chroot/home/giftoco/gifto.co/html/wp-content/themes/themes/minimog-child/functions.php on line 8

2023-12-08T07:16:02+00:00 CRITICAL Uncaught Error: Call to undefined function minimog_require_file_once() in /chroot/home/giftoco/gifto.co/html/wp-content/themes/themes/minimog-child/functions.php:8
Stack trace:
#0 /chroot/home/giftoco/gifto.co/html/wp-settings.php(611): include()
#1 /chroot/home/giftoco/gifto.co/html/wp-config.php(128): require_once('/chroot/home/gi...')
#2 /chroot/home/giftoco/gifto.co/html/wp-load.php(50): require_once('/chroot/home/gi...')
#3 /chroot/home/giftoco/gifto.co/html/wp-blog-header.php(13): require_once('/chroot/home/gi...')
#4 /chroot/home/giftoco/gifto.co/html/index.php(17): require('/chroot/home/gi...')
#5 {main}
  thrown in /chroot/home/giftoco/gifto.co/html/wp-content/themes/themes/minimog-child/functions.php on line 8

2023-12-08T07:16:03+00:00 CRITICAL Uncaught Error: Call to undefined function minimog_require_file_once() in /chroot/home/giftoco/gifto.co/html/wp-content/themes/themes/minimog-child/functions.php:8
Stack trace:
#0 /chroot/home/giftoco/gifto.co/html/wp-settings.php(611): include()
#1 /chroot/home/giftoco/gifto.co/html/wp-config.php(128): require_once('/chroot/home/gi...')
#2 /chroot/home/giftoco/gifto.co/html/wp-load.php(50): require_once('/chroot/home/gi...')
#3 /chroot/home/giftoco/gifto.co/html/wp-blog-header.php(13): require_once('/chroot/home/gi...')
#4 /chroot/home/giftoco/gifto.co/html/index.php(17): require('/chroot/home/gi...')
#5 {main}
  thrown in /chroot/home/giftoco/gifto.co/html/wp-content/themes/themes/minimog-child/functions.php on line 8

2023-12-08T07:16:04+00:00 CRITICAL Uncaught Error: Call to undefined function minimog_require_file_once() in /chroot/home/giftoco/gifto.co/html/wp-content/themes/themes/minimog-child/functions.php:8
Stack trace:
#0 /chroot/home/giftoco/gifto.co/html/wp-settings.php(611): include()
#1 /chroot/home/giftoco/gifto.co/html/wp-config.php(128): require_once('/chroot/home/gi...')
#2 /chroot/home/giftoco/gifto.co/html/wp-load.php(50): require_once('/chroot/home/gi...')
#3 /chroot/home/giftoco/gifto.co/html/wp-blog-header.php(13): require_once('/chroot/home/gi...')
#4 /chroot/home/giftoco/gifto.co/html/index.php(17): require('/chroot/home/gi...')
#5 {main}
  thrown in /chroot/home/giftoco/gifto.co/html/wp-content/themes/themes/minimog-child/functions.php on line 8

2023-12-08T07:16:05+00:00 CRITICAL Uncaught Error: Call to undefined function minimog_require_file_once() in /chroot/home/giftoco/gifto.co/html/wp-content/themes/themes/minimog-child/functions.php:8
Stack trace:
#0 /chroot/home/giftoco/gifto.co/html/wp-settings.php(611): include()
#1 /chroot/home/giftoco/gifto.co/html/wp-config.php(128): require_once('/chroot/home/gi...')
#2 /chroot/home/giftoco/gifto.co/html/wp-load.php(50): require_once('/chroot/home/gi...')
#3 /chroot/home/giftoco/gifto.co/html/wp-blog-header.php(13): require_once('/chroot/home/gi...')
#4 /chroot/home/giftoco/gifto.co/html/index.php(17): require('/chroot/home/gi...')
#5 {main}
  thrown in /chroot/home/giftoco/gifto.co/html/wp-content/themes/themes/minimog-child/functions.php on line 8

2023-12-08T07:16:06+00:00 CRITICAL Uncaught Error: Call to undefined function minimog_require_file_once() in /chroot/home/giftoco/gifto.co/html/wp-content/themes/themes/minimog-child/functions.php:8
Stack trace:
#0 /chroot/home/giftoco/gifto.co/html/wp-settings.php(611): include()
#1 /chroot/home/giftoco/gifto.co/html/wp-config.php(128): require_once('/chroot/home/gi...')
#2 /chroot/home/giftoco/gifto.co/html/wp-load.php(50): require_once('/chroot/home/gi...')
#3 /chroot/home/giftoco/gifto.co/html/xmlrpc.php(31): require_once('/chroot/home/gi...')
#4 {main}
  thrown in /chroot/home/giftoco/gifto.co/html/wp-content/themes/themes/minimog-child/functions.php on line 8

2023-12-08T07:16:11+00:00 CRITICAL Uncaught Error: Call to undefined function minimog_require_file_once() in /chroot/home/giftoco/gifto.co/html/wp-content/themes/themes/minimog-child/functions.php:8
Stack trace:
#0 /chroot/home/giftoco/gifto.co/html/wp-settings.php(611): include()
#1 /chroot/home/giftoco/gifto.co/html/wp-config.php(128): require_once('/chroot/home/gi...')
#2 /chroot/home/giftoco/gifto.co/html/wp-load.php(50): require_once('/chroot/home/gi...')
#3 /chroot/home/giftoco/gifto.co/html/xmlrpc.php(31): require_once('/chroot/home/gi...')
#4 {main}
  thrown in /chroot/home/giftoco/gifto.co/html/wp-content/themes/themes/minimog-child/functions.php on line 8

2023-12-08T07:16:12+00:00 CRITICAL Uncaught Error: Call to undefined function minimog_require_file_once() in /chroot/home/giftoco/gifto.co/html/wp-content/themes/themes/minimog-child/functions.php:8
Stack trace:
#0 /chroot/home/giftoco/gifto.co/html/wp-settings.php(611): include()
#1 /chroot/home/giftoco/gifto.co/html/wp-config.php(128): require_once('/chroot/home/gi...')
#2 /chroot/home/giftoco/gifto.co/html/wp-load.php(50): require_once('/chroot/home/gi...')
#3 /chroot/home/giftoco/gifto.co/html/xmlrpc.php(31): require_once('/chroot/home/gi...')
#4 {main}
  thrown in /chroot/home/giftoco/gifto.co/html/wp-content/themes/themes/minimog-child/functions.php on line 8

2023-12-08T07:16:13+00:00 CRITICAL Uncaught Error: Call to undefined function minimog_require_file_once() in /chroot/home/giftoco/gifto.co/html/wp-content/themes/themes/minimog-child/functions.php:8
Stack trace:
#0 /chroot/home/giftoco/gifto.co/html/wp-settings.php(611): include()
#1 /chroot/home/giftoco/gifto.co/html/wp-config.php(128): require_once('/chroot/home/gi...')
#2 /chroot/home/giftoco/gifto.co/html/wp-load.php(50): require_once('/chroot/home/gi...')
#3 /chroot/home/giftoco/gifto.co/html/wp-blog-header.php(13): require_once('/chroot/home/gi...')
#4 /chroot/home/giftoco/gifto.co/html/index.php(17): require('/chroot/home/gi...')
#5 {main}
  thrown in /chroot/home/giftoco/gifto.co/html/wp-content/themes/themes/minimog-child/functions.php on line 8

2023-12-08T07:16:14+00:00 CRITICAL Uncaught Error: Call to undefined function minimog_require_file_once() in /chroot/home/giftoco/gifto.co/html/wp-content/themes/themes/minimog-child/functions.php:8
Stack trace:
#0 /chroot/home/giftoco/gifto.co/html/wp-settings.php(611): include()
#1 /chroot/home/giftoco/gifto.co/html/wp-config.php(128): require_once('/chroot/home/gi...')
#2 /chroot/home/giftoco/gifto.co/html/wp-load.php(50): require_once('/chroot/home/gi...')
#3 /chroot/home/giftoco/gifto.co/html/wp-blog-header.php(13): require_once('/chroot/home/gi...')
#4 /chroot/home/giftoco/gifto.co/html/index.php(17): require('/chroot/home/gi...')
#5 {main}
  thrown in /chroot/home/giftoco/gifto.co/html/wp-content/themes/themes/minimog-child/functions.php on line 8

2023-12-08T07:17:42+00:00 CRITICAL Cannot redeclare minimog_require_file_once() (previously declared in /chroot/home/giftoco/gifto.co/html/wp-content/themes/themes/minimog-child/functions.php:9) in /chroot/home/giftoco/gifto.co/html/wp-content/themes/minimog/functions.php on line 43

2023-12-08T07:17:43+00:00 CRITICAL Cannot redeclare minimog_require_file_once() (previously declared in /chroot/home/giftoco/gifto.co/html/wp-content/themes/themes/minimog-child/functions.php:9) in /chroot/home/giftoco/gifto.co/html/wp-content/themes/minimog/functions.php on line 43

2023-12-08T07:17:50+00:00 CRITICAL Cannot redeclare minimog_require_file_once() (previously declared in /chroot/home/giftoco/gifto.co/html/wp-content/themes/themes/minimog-child/functions.php:9) in /chroot/home/giftoco/gifto.co/html/wp-content/themes/minimog/functions.php on line 43

2023-12-08T07:18:02+00:00 CRITICAL Cannot redeclare minimog_require_file_once() (previously declared in /chroot/home/giftoco/gifto.co/html/wp-content/themes/themes/minimog-child/functions.php:9) in /chroot/home/giftoco/gifto.co/html/wp-content/themes/minimog/functions.php on line 43

2023-12-08T07:18:02+00:00 CRITICAL Cannot redeclare minimog_require_file_once() (previously declared in /chroot/home/giftoco/gifto.co/html/wp-content/themes/themes/minimog-child/functions.php:9) in /chroot/home/giftoco/gifto.co/html/wp-content/themes/minimog/functions.php on line 43

2023-12-08T07:18:13+00:00 CRITICAL Cannot redeclare minimog_require_file_once() (previously declared in /chroot/home/giftoco/gifto.co/html/wp-content/themes/themes/minimog-child/functions.php:9) in /chroot/home/giftoco/gifto.co/html/wp-content/themes/minimog/functions.php on line 43

2023-12-08T07:18:26+00:00 CRITICAL Cannot redeclare minimog_require_file_once() (previously declared in /chroot/home/giftoco/gifto.co/html/wp-content/themes/themes/minimog-child/functions.php:9) in /chroot/home/giftoco/gifto.co/html/wp-content/themes/minimog/functions.php on line 43

2023-12-08T07:18:30+00:00 CRITICAL Cannot redeclare minimog_require_file_once() (previously declared in /chroot/home/giftoco/gifto.co/html/wp-content/themes/themes/minimog-child/functions.php:9) in /chroot/home/giftoco/gifto.co/html/wp-content/themes/minimog/functions.php on line 43

2023-12-08T07:18:30+00:00 CRITICAL Cannot redeclare minimog_require_file_once() (previously declared in /chroot/home/giftoco/gifto.co/html/wp-content/themes/themes/minimog-child/functions.php:9) in /chroot/home/giftoco/gifto.co/html/wp-content/themes/minimog/functions.php on line 43

2023-12-08T07:18:33+00:00 CRITICAL Cannot redeclare minimog_require_file_once() (previously declared in /chroot/home/giftoco/gifto.co/html/wp-content/themes/themes/minimog-child/functions.php:9) in /chroot/home/giftoco/gifto.co/html/wp-content/themes/minimog/functions.php on line 43

2023-12-08T07:18:34+00:00 CRITICAL Cannot redeclare minimog_require_file_once() (previously declared in /chroot/home/giftoco/gifto.co/html/wp-content/themes/themes/minimog-child/functions.php:9) in /chroot/home/giftoco/gifto.co/html/wp-content/themes/minimog/functions.php on line 43

2023-12-08T07:18:48+00:00 CRITICAL Cannot redeclare minimog_require_file_once() (previously declared in /chroot/home/giftoco/gifto.co/html/wp-content/themes/themes/minimog-child/functions.php:9) in /chroot/home/giftoco/gifto.co/html/wp-content/themes/minimog/functions.php on line 43

2023-12-08T07:18:52+00:00 CRITICAL Cannot redeclare minimog_require_file_once() (previously declared in /chroot/home/giftoco/gifto.co/html/wp-content/themes/themes/minimog-child/functions.php:9) in /chroot/home/giftoco/gifto.co/html/wp-content/themes/minimog/functions.php on line 43

2023-12-08T07:18:53+00:00 CRITICAL Cannot redeclare minimog_require_file_once() (previously declared in /chroot/home/giftoco/gifto.co/html/wp-content/themes/themes/minimog-child/functions.php:9) in /chroot/home/giftoco/gifto.co/html/wp-content/themes/minimog/functions.php on line 43

2023-12-08T07:18:54+00:00 CRITICAL Cannot redeclare minimog_require_file_once() (previously declared in /chroot/home/giftoco/gifto.co/html/wp-content/themes/themes/minimog-child/functions.php:9) in /chroot/home/giftoco/gifto.co/html/wp-content/themes/minimog/functions.php on line 43

2023-12-08T07:18:56+00:00 CRITICAL Cannot redeclare minimog_require_file_once() (previously declared in /chroot/home/giftoco/gifto.co/html/wp-content/themes/themes/minimog-child/functions.php:9) in /chroot/home/giftoco/gifto.co/html/wp-content/themes/minimog/functions.php on line 43

2023-12-08T07:18:56+00:00 CRITICAL Cannot redeclare minimog_require_file_once() (previously declared in /chroot/home/giftoco/gifto.co/html/wp-content/themes/themes/minimog-child/functions.php:9) in /chroot/home/giftoco/gifto.co/html/wp-content/themes/minimog/functions.php on line 43

2023-12-08T07:18:57+00:00 CRITICAL Cannot redeclare minimog_require_file_once() (previously declared in /chroot/home/giftoco/gifto.co/html/wp-content/themes/themes/minimog-child/functions.php:9) in /chroot/home/giftoco/gifto.co/html/wp-content/themes/minimog/functions.php on line 43

2023-12-08T07:18:58+00:00 CRITICAL Cannot redeclare minimog_require_file_once() (previously declared in /chroot/home/giftoco/gifto.co/html/wp-content/themes/themes/minimog-child/functions.php:9) in /chroot/home/giftoco/gifto.co/html/wp-content/themes/minimog/functions.php on line 43

2023-12-08T07:18:59+00:00 CRITICAL Cannot redeclare minimog_require_file_once() (previously declared in /chroot/home/giftoco/gifto.co/html/wp-content/themes/themes/minimog-child/functions.php:9) in /chroot/home/giftoco/gifto.co/html/wp-content/themes/minimog/functions.php on line 43

2023-12-08T07:18:59+00:00 CRITICAL Cannot redeclare minimog_require_file_once() (previously declared in /chroot/home/giftoco/gifto.co/html/wp-content/themes/themes/minimog-child/functions.php:9) in /chroot/home/giftoco/gifto.co/html/wp-content/themes/minimog/functions.php on line 43

2023-12-08T07:19:00+00:00 CRITICAL Cannot redeclare minimog_require_file_once() (previously declared in /chroot/home/giftoco/gifto.co/html/wp-content/themes/themes/minimog-child/functions.php:9) in /chroot/home/giftoco/gifto.co/html/wp-content/themes/minimog/functions.php on line 43

2023-12-08T07:19:01+00:00 CRITICAL Cannot redeclare minimog_require_file_once() (previously declared in /chroot/home/giftoco/gifto.co/html/wp-content/themes/themes/minimog-child/functions.php:9) in /chroot/home/giftoco/gifto.co/html/wp-content/themes/minimog/functions.php on line 43

2023-12-08T07:19:19+00:00 CRITICAL Cannot redeclare minimog_require_file_once() (previously declared in /chroot/home/giftoco/gifto.co/html/wp-content/themes/themes/minimog-child/functions.php:9) in /chroot/home/giftoco/gifto.co/html/wp-content/themes/minimog/functions.php on line 43

2023-12-08T07:19:20+00:00 CRITICAL Cannot redeclare minimog_require_file_once() (previously declared in /chroot/home/giftoco/gifto.co/html/wp-content/themes/themes/minimog-child/functions.php:9) in /chroot/home/giftoco/gifto.co/html/wp-content/themes/minimog/functions.php on line 43

2023-12-08T07:19:20+00:00 CRITICAL Cannot redeclare minimog_require_file_once() (previously declared in /chroot/home/giftoco/gifto.co/html/wp-content/themes/themes/minimog-child/functions.php:9) in /chroot/home/giftoco/gifto.co/html/wp-content/themes/minimog/functions.php on line 43

2023-12-08T07:19:20+00:00 CRITICAL Cannot redeclare minimog_require_file_once() (previously declared in /chroot/home/giftoco/gifto.co/html/wp-content/themes/themes/minimog-child/functions.php:9) in /chroot/home/giftoco/gifto.co/html/wp-content/themes/minimog/functions.php on line 43

2023-12-08T07:19:21+00:00 CRITICAL Cannot redeclare minimog_require_file_once() (previously declared in /chroot/home/giftoco/gifto.co/html/wp-content/themes/themes/minimog-child/functions.php:9) in /chroot/home/giftoco/gifto.co/html/wp-content/themes/minimog/functions.php on line 43

2023-12-08T07:23:31+00:00 CRITICAL require_once(): Failed opening required 'https://www.gifto.co/wp-content/themes/themes/minimog-child/framework/class-functions.php' (include_path='.:/opt/remi/php74/root/usr/share/pear:/opt/remi/php74/root/usr/share/php:/usr/share/pear:/usr/share/php') in /chroot/home/giftoco/gifto.co/html/wp-content/themes/minimog/functions.php on line 46

2023-12-08T07:23:32+00:00 CRITICAL require_once(): Failed opening required 'https://www.gifto.co/wp-content/themes/themes/minimog-child/framework/class-functions.php' (include_path='.:/opt/remi/php74/root/usr/share/pear:/opt/remi/php74/root/usr/share/php:/usr/share/pear:/usr/share/php') in /chroot/home/giftoco/gifto.co/html/wp-content/themes/minimog/functions.php on line 46

2023-12-08T07:23:40+00:00 CRITICAL require_once(): Failed opening required 'https://www.gifto.co/wp-content/themes/themes/minimog-child/framework/class-functions.php' (include_path='.:/opt/remi/php74/root/usr/share/pear:/opt/remi/php74/root/usr/share/php:/usr/share/pear:/usr/share/php') in /chroot/home/giftoco/gifto.co/html/wp-content/themes/minimog/functions.php on line 46

2023-12-08T07:23:40+00:00 CRITICAL require_once(): Failed opening required 'https://www.gifto.co/wp-content/themes/themes/minimog-child/framework/class-functions.php' (include_path='.:/opt/remi/php74/root/usr/share/pear:/opt/remi/php74/root/usr/share/php:/usr/share/pear:/usr/share/php') in /chroot/home/giftoco/gifto.co/html/wp-content/themes/minimog/functions.php on line 46

2023-12-08T07:23:41+00:00 CRITICAL require_once(): Failed opening required 'https://www.gifto.co/wp-content/themes/themes/minimog-child/framework/class-functions.php' (include_path='.:/opt/remi/php74/root/usr/share/pear:/opt/remi/php74/root/usr/share/php:/usr/share/pear:/usr/share/php') in /chroot/home/giftoco/gifto.co/html/wp-content/themes/minimog/functions.php on line 46

2023-12-08T07:23:42+00:00 CRITICAL require_once(): Failed opening required 'https://www.gifto.co/wp-content/themes/themes/minimog-child/framework/class-functions.php' (include_path='.:/opt/remi/php74/root/usr/share/pear:/opt/remi/php74/root/usr/share/php:/usr/share/pear:/usr/share/php') in /chroot/home/giftoco/gifto.co/html/wp-content/themes/minimog/functions.php on line 46

2023-12-08T07:23:43+00:00 CRITICAL require_once(): Failed opening required 'https://www.gifto.co/wp-content/themes/themes/minimog-child/framework/class-functions.php' (include_path='.:/opt/remi/php74/root/usr/share/pear:/opt/remi/php74/root/usr/share/php:/usr/share/pear:/usr/share/php') in /chroot/home/giftoco/gifto.co/html/wp-content/themes/minimog/functions.php on line 46

2023-12-08T07:24:02+00:00 CRITICAL require_once(): Failed opening required 'https://www.gifto.co/wp-content/themes/themes/minimog-child/framework/class-functions.php' (include_path='.:/opt/remi/php74/root/usr/share/pear:/opt/remi/php74/root/usr/share/php:/usr/share/pear:/usr/share/php') in /chroot/home/giftoco/gifto.co/html/wp-content/themes/minimog/functions.php on line 46

2023-12-08T07:41:08+00:00 CRITICAL require(): Failed opening required '/chroot/home/giftoco/gifto.co/html/wp-content/plugins/miniorange-login-openid/social_apps/.php' (include_path='.:/opt/remi/php74/root/usr/share/pear:/opt/remi/php74/root/usr/share/php:/usr/share/pear:/usr/share/php') in /chroot/home/giftoco/gifto.co/html/wp-content/plugins/miniorange-login-openid/view/config_apps/mo_openid_config_apps.php on line 42

2023-12-08T07:44:54+00:00 CRITICAL require(): Failed opening required '/chroot/home/giftoco/gifto.co/html/wp-content/plugins/miniorange-login-openid/social_apps/.php' (include_path='.:/opt/remi/php74/root/usr/share/pear:/opt/remi/php74/root/usr/share/php:/usr/share/pear:/usr/share/php') in /chroot/home/giftoco/gifto.co/html/wp-content/plugins/miniorange-login-openid/view/config_apps/mo_openid_config_apps.php on line 42

2023-12-08T07:48:14+00:00 CRITICAL require(): Failed opening required '/chroot/home/giftoco/gifto.co/html/wp-content/plugins/miniorange-login-openid/social_apps/.php' (include_path='.:/opt/remi/php74/root/usr/share/pear:/opt/remi/php74/root/usr/share/php:/usr/share/pear:/usr/share/php') in /chroot/home/giftoco/gifto.co/html/wp-content/plugins/miniorange-login-openid/view/config_apps/mo_openid_config_apps.php on line 42

2023-12-08T07:50:44+00:00 CRITICAL require(): Failed opening required '/chroot/home/giftoco/gifto.co/html/wp-content/plugins/miniorange-login-openid/social_apps/.php' (include_path='.:/opt/remi/php74/root/usr/share/pear:/opt/remi/php74/root/usr/share/php:/usr/share/pear:/usr/share/php') in /chroot/home/giftoco/gifto.co/html/wp-content/plugins/miniorange-login-openid/view/config_apps/mo_openid_config_apps.php on line 42

2023-12-08T07:52:32+00:00 CRITICAL require(): Failed opening required '/chroot/home/giftoco/gifto.co/html/wp-content/plugins/miniorange-login-openid/social_apps/.php' (include_path='.:/opt/remi/php74/root/usr/share/pear:/opt/remi/php74/root/usr/share/php:/usr/share/pear:/usr/share/php') in /chroot/home/giftoco/gifto.co/html/wp-content/plugins/miniorange-login-openid/view/config_apps/mo_openid_config_apps.php on line 42

2023-12-08T07:55:16+00:00 CRITICAL require(): Failed opening required '/chroot/home/giftoco/gifto.co/html/wp-content/plugins/miniorange-login-openid/social_apps/.php' (include_path='.:/opt/remi/php74/root/usr/share/pear:/opt/remi/php74/root/usr/share/php:/usr/share/pear:/usr/share/php') in /chroot/home/giftoco/gifto.co/html/wp-content/plugins/miniorange-login-openid/view/config_apps/mo_openid_config_apps.php on line 42

2023-12-08T07:56:43+00:00 CRITICAL require(): Failed opening required '/chroot/home/giftoco/gifto.co/html/wp-content/plugins/miniorange-login-openid/social_apps/.php' (include_path='.:/opt/remi/php74/root/usr/share/pear:/opt/remi/php74/root/usr/share/php:/usr/share/pear:/usr/share/php') in /chroot/home/giftoco/gifto.co/html/wp-content/plugins/miniorange-login-openid/view/config_apps/mo_openid_config_apps.php on line 42

2023-12-08T07:58:28+00:00 CRITICAL require(): Failed opening required '/chroot/home/giftoco/gifto.co/html/wp-content/plugins/miniorange-login-openid/social_apps/.php' (include_path='.:/opt/remi/php74/root/usr/share/pear:/opt/remi/php74/root/usr/share/php:/usr/share/pear:/usr/share/php') in /chroot/home/giftoco/gifto.co/html/wp-content/plugins/miniorange-login-openid/view/config_apps/mo_openid_config_apps.php on line 42

2023-12-08T07:59:28+00:00 CRITICAL require(): Failed opening required '/chroot/home/giftoco/gifto.co/html/wp-content/plugins/miniorange-login-openid/social_apps/.php' (include_path='.:/opt/remi/php74/root/usr/share/pear:/opt/remi/php74/root/usr/share/php:/usr/share/pear:/usr/share/php') in /chroot/home/giftoco/gifto.co/html/wp-content/plugins/miniorange-login-openid/view/config_apps/mo_openid_config_apps.php on line 42

2023-12-08T10:35:15+00:00 CRITICAL require(): Failed opening required '/chroot/home/giftoco/gifto.co/html/wp-content/plugins/miniorange-login-openid/social_apps/.php' (include_path='.:/opt/remi/php74/root/usr/share/pear:/opt/remi/php74/root/usr/share/php:/usr/share/pear:/usr/share/php') in /chroot/home/giftoco/gifto.co/html/wp-content/plugins/miniorange-login-openid/view/config_apps/mo_openid_config_apps.php on line 42

2023-12-08T11:09:23+00:00 CRITICAL require(): Failed opening required '/chroot/home/giftoco/gifto.co/html/wp-content/plugins/miniorange-login-openid/social_apps/.php' (include_path='.:/opt/remi/php74/root/usr/share/pear:/opt/remi/php74/root/usr/share/php:/usr/share/pear:/usr/share/php') in /chroot/home/giftoco/gifto.co/html/wp-content/plugins/miniorange-login-openid/view/config_apps/mo_openid_config_apps.php on line 42

2023-12-08T11:10:05+00:00 CRITICAL require(): Failed opening required '/chroot/home/giftoco/gifto.co/html/wp-content/plugins/miniorange-login-openid/social_apps/.php' (include_path='.:/opt/remi/php74/root/usr/share/pear:/opt/remi/php74/root/usr/share/php:/usr/share/pear:/usr/share/php') in /chroot/home/giftoco/gifto.co/html/wp-content/plugins/miniorange-login-openid/view/config_apps/mo_openid_config_apps.php on line 42

2023-12-08T12:21:18+00:00 CRITICAL require(): Failed opening required '/chroot/home/giftoco/gifto.co/html/wp-content/plugins/miniorange-login-openid/social_apps/.php' (include_path='.:/opt/remi/php74/root/usr/share/pear:/opt/remi/php74/root/usr/share/php:/usr/share/pear:/usr/share/php') in /chroot/home/giftoco/gifto.co/html/wp-content/plugins/miniorange-login-openid/view/config_apps/mo_openid_config_apps.php on line 42

