2023-10-31T19:12:10+00:00 CRITICAL Uncaught Error: Call to undefined function get_the_field() in /chroot/home/giftoco/gifto.co/html/wp-content/themes/themes/minimog-child/woocommerce/content-product.php:103
Stack trace:
#0 /chroot/home/giftoco/gifto.co/html/wp-includes/template.php(787): require()
#1 /chroot/home/giftoco/gifto.co/html/wp-content/themes/minimog/framework/class-functions.php(218): load_template('...', false, Array)
#2 /chroot/home/giftoco/gifto.co/html/wp-content/themes/minimog/framework/woocommerce/ajax-handlers.php(427): minimog_get_wc_template_part('...', '...', Array)
#3 /chroot/home/giftoco/gifto.co/html/wp-content/themes/minimog/elementor/widgets/woocommerce/product-grid-tabs.php(1047): Minimog\Woo\Ajax_Handlers->get_product_tab_content(Array)
#4 /chroot/home/giftoco/gifto.co/html/wp-content/plugins/elementor/includes/base/controls-stack.php(2265): Minimog_Elementor\Widget_Product_Tabs->render()
#5 /chroot/home/giftoco/gifto.co/html/wp-content/plugins/elementor/includes/base/widget-base.php(609): Elementor\Controls_Stack->render_by_mode()
#6 /chroot/home/giftoco/gifto.co/html/wp-content/plugins/elementor/includes/base/widget-base.php(750): Elementor\Widget_Base->render_content()
#7 /chroot/home/giftoco/gifto.co/html/wp-content/plugins/elementor/includes/base/element-base.php(464): Elementor\Widget_Base->print_content()
#8 /chroot/home/giftoco/gifto.co/html/wp-content/plugins/elementor/includes/base/element-base.php(1375): Elementor\Element_Base->print_element()
#9 /chroot/home/giftoco/gifto.co/html/wp-content/plugins/elementor/includes/base/element-base.php(464): Elementor\Element_Base->print_content()
#10 /chroot/home/giftoco/gifto.co/html/wp-content/plugins/elementor/includes/base/element-base.php(1375): Elementor\Element_Base->print_element()
#11 /chroot/home/giftoco/gifto.co/html/wp-content/plugins/elementor/includes/base/element-base.php(464): Elementor\Element_Base->print_content()
#12 /chroot/home/giftoco/gifto.co/html/wp-content/plugins/elementor/core/base/document.php(1739): Elementor\Element_Base->print_element()
#13 /chroot/home/giftoco/gifto.co/html/wp-content/plugins/elementor/core/base/document.php(1134): Elementor\Core\Base\Document->print_elements(Array)
#14 /chroot/home/giftoco/gifto.co/html/wp-content/plugins/elementor/includes/frontend.php(1179): Elementor\Core\Base\Document->print_elements_with_wrapper(Array)
#15 /chroot/home/giftoco/gifto.co/html/wp-content/plugins/elementor/includes/frontend.php(1074): Elementor\Frontend->get_builder_content(513469)
#16 /chroot/home/giftoco/gifto.co/html/wp-includes/class-wp-hook.php(310): Elementor\Frontend->apply_builder_in_content('...')
#17 /chroot/home/giftoco/gifto.co/html/wp-includes/plugin.php(205): WP_Hook->apply_filters('...', Array)
#18 /chroot/home/giftoco/gifto.co/html/wp-includes/post-template.php(256): apply_filters('...', '...')
#19 /chroot/home/giftoco/gifto.co/html/wp-content/themes/themes/minimog-child/template-parts/content-single-page.php(16): the_content()
#20 /chroot/home/giftoco/gifto.co/html/wp-includes/template.php(787): require('...')
#21 /chroot/home/giftoco/gifto.co/html/wp-includes/template.php(720): load_template('...', false, Array)
#22 /chroot/home/giftoco/gifto.co/html/wp-includes/general-template.php(206): locate_template(Array, true, false, Array)
#23 /chroot/home/giftoco/gifto.co/html/wp-content/themes/minimog/framework/class-functions.php(82): get_template_part('...', '', Array)
#24 /chroot/home/giftoco/gifto.co/html/wp-content/themes/minimog/page.php(30): minimog_load_template('...')
#25 /chroot/home/giftoco/gifto.co/html/wp-includes/template-loader.php(106): include('...')
#26 /chroot/home/giftoco/gifto.co/html/wp-blog-header.php(19): require_once('...')
#27 /chroot/home/giftoco/gifto.co/html/index.php(17): require('...')
#28 {main}
  thrown in /chroot/home/giftoco/gifto.co/html/wp-content/themes/themes/minimog-child/woocommerce/content-product.php on line 103

2023-10-31T19:31:31+00:00 CRITICAL Uncaught Error: Call to undefined function get_the_field() in /chroot/home/giftoco/gifto.co/html/wp-content/themes/themes/minimog-child/woocommerce/content-product.php:103
Stack trace:
#0 /chroot/home/giftoco/gifto.co/html/wp-includes/template.php(787): require()
#1 /chroot/home/giftoco/gifto.co/html/wp-content/themes/minimog/framework/class-functions.php(218): load_template('...', false, Array)
#2 /chroot/home/giftoco/gifto.co/html/wp-content/themes/minimog/framework/woocommerce/ajax-handlers.php(427): minimog_get_wc_template_part('...', '...', Array)
#3 /chroot/home/giftoco/gifto.co/html/wp-content/themes/minimog/elementor/widgets/woocommerce/product-grid-tabs.php(1047): Minimog\Woo\Ajax_Handlers->get_product_tab_content(Array)
#4 /chroot/home/giftoco/gifto.co/html/wp-content/plugins/elementor/includes/base/controls-stack.php(2265): Minimog_Elementor\Widget_Product_Tabs->render()
#5 /chroot/home/giftoco/gifto.co/html/wp-content/plugins/elementor/includes/base/widget-base.php(609): Elementor\Controls_Stack->render_by_mode()
#6 /chroot/home/giftoco/gifto.co/html/wp-content/plugins/elementor/includes/base/widget-base.php(750): Elementor\Widget_Base->render_content()
#7 /chroot/home/giftoco/gifto.co/html/wp-content/plugins/elementor/includes/base/element-base.php(464): Elementor\Widget_Base->print_content()
#8 /chroot/home/giftoco/gifto.co/html/wp-content/plugins/elementor/includes/base/element-base.php(1375): Elementor\Element_Base->print_element()
#9 /chroot/home/giftoco/gifto.co/html/wp-content/plugins/elementor/includes/base/element-base.php(464): Elementor\Element_Base->print_content()
#10 /chroot/home/giftoco/gifto.co/html/wp-content/plugins/elementor/includes/base/element-base.php(1375): Elementor\Element_Base->print_element()
#11 /chroot/home/giftoco/gifto.co/html/wp-content/plugins/elementor/includes/base/element-base.php(464): Elementor\Element_Base->print_content()
#12 /chroot/home/giftoco/gifto.co/html/wp-content/plugins/elementor/core/base/document.php(1739): Elementor\Element_Base->print_element()
#13 /chroot/home/giftoco/gifto.co/html/wp-content/plugins/elementor/core/base/document.php(1134): Elementor\Core\Base\Document->print_elements(Array)
#14 /chroot/home/giftoco/gifto.co/html/wp-content/plugins/elementor/includes/frontend.php(1179): Elementor\Core\Base\Document->print_elements_with_wrapper(Array)
#15 /chroot/home/giftoco/gifto.co/html/wp-content/plugins/elementor/includes/frontend.php(1074): Elementor\Frontend->get_builder_content(513469)
#16 /chroot/home/giftoco/gifto.co/html/wp-includes/class-wp-hook.php(310): Elementor\Frontend->apply_builder_in_content('...')
#17 /chroot/home/giftoco/gifto.co/html/wp-includes/plugin.php(205): WP_Hook->apply_filters('...', Array)
#18 /chroot/home/giftoco/gifto.co/html/wp-includes/post-template.php(256): apply_filters('...', '...')
#19 /chroot/home/giftoco/gifto.co/html/wp-content/themes/themes/minimog-child/template-parts/content-single-page.php(16): the_content()
#20 /chroot/home/giftoco/gifto.co/html/wp-includes/template.php(787): require('...')
#21 /chroot/home/giftoco/gifto.co/html/wp-includes/template.php(720): load_template('...', false, Array)
#22 /chroot/home/giftoco/gifto.co/html/wp-includes/general-template.php(206): locate_template(Array, true, false, Array)
#23 /chroot/home/giftoco/gifto.co/html/wp-content/themes/minimog/framework/class-functions.php(82): get_template_part('...', '', Array)
#24 /chroot/home/giftoco/gifto.co/html/wp-content/themes/minimog/page.php(30): minimog_load_template('...')
#25 /chroot/home/giftoco/gifto.co/html/wp-includes/template-loader.php(106): include('...')
#26 /chroot/home/giftoco/gifto.co/html/wp-blog-header.php(19): require_once('...')
#27 /chroot/home/giftoco/gifto.co/html/index.php(17): require('...')
#28 {main}
  thrown in /chroot/home/giftoco/gifto.co/html/wp-content/themes/themes/minimog-child/woocommerce/content-product.php on line 103

2023-10-31T19:38:42+00:00 CRITICAL Uncaught Error: Call to undefined function get_the_field() in /chroot/home/giftoco/gifto.co/html/wp-content/themes/themes/minimog-child/woocommerce/content-product.php:103
Stack trace:
#0 /chroot/home/giftoco/gifto.co/html/wp-includes/template.php(787): require()
#1 /chroot/home/giftoco/gifto.co/html/wp-content/themes/minimog/framework/class-functions.php(218): load_template('...', false, Array)
#2 /chroot/home/giftoco/gifto.co/html/wp-content/themes/minimog/framework/woocommerce/ajax-handlers.php(427): minimog_get_wc_template_part('...', '...', Array)
#3 /chroot/home/giftoco/gifto.co/html/wp-content/themes/minimog/elementor/widgets/woocommerce/product-grid-tabs.php(1047): Minimog\Woo\Ajax_Handlers->get_product_tab_content(Array)
#4 /chroot/home/giftoco/gifto.co/html/wp-content/plugins/elementor/includes/base/controls-stack.php(2265): Minimog_Elementor\Widget_Product_Tabs->render()
#5 /chroot/home/giftoco/gifto.co/html/wp-content/plugins/elementor/includes/base/widget-base.php(609): Elementor\Controls_Stack->render_by_mode()
#6 /chroot/home/giftoco/gifto.co/html/wp-content/plugins/elementor/includes/base/widget-base.php(750): Elementor\Widget_Base->render_content()
#7 /chroot/home/giftoco/gifto.co/html/wp-content/plugins/elementor/includes/base/element-base.php(464): Elementor\Widget_Base->print_content()
#8 /chroot/home/giftoco/gifto.co/html/wp-content/plugins/elementor/includes/base/element-base.php(1375): Elementor\Element_Base->print_element()
#9 /chroot/home/giftoco/gifto.co/html/wp-content/plugins/elementor/includes/base/element-base.php(464): Elementor\Element_Base->print_content()
#10 /chroot/home/giftoco/gifto.co/html/wp-content/plugins/elementor/includes/base/element-base.php(1375): Elementor\Element_Base->print_element()
#11 /chroot/home/giftoco/gifto.co/html/wp-content/plugins/elementor/includes/base/element-base.php(464): Elementor\Element_Base->print_content()
#12 /chroot/home/giftoco/gifto.co/html/wp-content/plugins/elementor/core/base/document.php(1739): Elementor\Element_Base->print_element()
#13 /chroot/home/giftoco/gifto.co/html/wp-content/plugins/elementor/core/base/document.php(1134): Elementor\Core\Base\Document->print_elements(Array)
#14 /chroot/home/giftoco/gifto.co/html/wp-content/plugins/elementor/includes/frontend.php(1179): Elementor\Core\Base\Document->print_elements_with_wrapper(Array)
#15 /chroot/home/giftoco/gifto.co/html/wp-content/plugins/elementor/includes/frontend.php(1074): Elementor\Frontend->get_builder_content(513469)
#16 /chroot/home/giftoco/gifto.co/html/wp-includes/class-wp-hook.php(310): Elementor\Frontend->apply_builder_in_content('...')
#17 /chroot/home/giftoco/gifto.co/html/wp-includes/plugin.php(205): WP_Hook->apply_filters('...', Array)
#18 /chroot/home/giftoco/gifto.co/html/wp-includes/post-template.php(256): apply_filters('...', '...')
#19 /chroot/home/giftoco/gifto.co/html/wp-content/themes/themes/minimog-child/template-parts/content-single-page.php(16): the_content()
#20 /chroot/home/giftoco/gifto.co/html/wp-includes/template.php(787): require('...')
#21 /chroot/home/giftoco/gifto.co/html/wp-includes/template.php(720): load_template('...', false, Array)
#22 /chroot/home/giftoco/gifto.co/html/wp-includes/general-template.php(206): locate_template(Array, true, false, Array)
#23 /chroot/home/giftoco/gifto.co/html/wp-content/themes/minimog/framework/class-functions.php(82): get_template_part('...', '', Array)
#24 /chroot/home/giftoco/gifto.co/html/wp-content/themes/minimog/page.php(30): minimog_load_template('...')
#25 /chroot/home/giftoco/gifto.co/html/wp-includes/template-loader.php(106): include('...')
#26 /chroot/home/giftoco/gifto.co/html/wp-blog-header.php(19): require_once('...')
#27 /chroot/home/giftoco/gifto.co/html/index.php(17): require('...')
#28 {main}
  thrown in /chroot/home/giftoco/gifto.co/html/wp-content/themes/themes/minimog-child/woocommerce/content-product.php on line 103

2023-10-31T21:36:30+00:00 CRITICAL Uncaught Error: Call to undefined function get_the_field() in /chroot/home/giftoco/gifto.co/html/wp-content/themes/themes/minimog-child/woocommerce/content-product.php:103
Stack trace:
#0 /chroot/home/giftoco/gifto.co/html/wp-includes/template.php(787): require()
#1 /chroot/home/giftoco/gifto.co/html/wp-content/themes/minimog/framework/class-functions.php(218): load_template('...', false, Array)
#2 /chroot/home/giftoco/gifto.co/html/wp-content/themes/minimog/framework/woocommerce/ajax-handlers.php(427): minimog_get_wc_template_part('...', '...', Array)
#3 /chroot/home/giftoco/gifto.co/html/wp-content/themes/minimog/elementor/widgets/woocommerce/product-grid-tabs.php(1047): Minimog\Woo\Ajax_Handlers->get_product_tab_content(Array)
#4 /chroot/home/giftoco/gifto.co/html/wp-content/plugins/elementor/includes/base/controls-stack.php(2265): Minimog_Elementor\Widget_Product_Tabs->render()
#5 /chroot/home/giftoco/gifto.co/html/wp-content/plugins/elementor/includes/base/widget-base.php(609): Elementor\Controls_Stack->render_by_mode()
#6 /chroot/home/giftoco/gifto.co/html/wp-content/plugins/elementor/includes/base/widget-base.php(750): Elementor\Widget_Base->render_content()
#7 /chroot/home/giftoco/gifto.co/html/wp-content/plugins/elementor/includes/base/element-base.php(464): Elementor\Widget_Base->print_content()
#8 /chroot/home/giftoco/gifto.co/html/wp-content/plugins/elementor/includes/base/element-base.php(1375): Elementor\Element_Base->print_element()
#9 /chroot/home/giftoco/gifto.co/html/wp-content/plugins/elementor/includes/base/element-base.php(464): Elementor\Element_Base->print_content()
#10 /chroot/home/giftoco/gifto.co/html/wp-content/plugins/elementor/includes/base/element-base.php(1375): Elementor\Element_Base->print_element()
#11 /chroot/home/giftoco/gifto.co/html/wp-content/plugins/elementor/includes/base/element-base.php(464): Elementor\Element_Base->print_content()
#12 /chroot/home/giftoco/gifto.co/html/wp-content/plugins/elementor/core/base/document.php(1739): Elementor\Element_Base->print_element()
#13 /chroot/home/giftoco/gifto.co/html/wp-content/plugins/elementor/core/base/document.php(1134): Elementor\Core\Base\Document->print_elements(Array)
#14 /chroot/home/giftoco/gifto.co/html/wp-content/plugins/elementor/includes/frontend.php(1179): Elementor\Core\Base\Document->print_elements_with_wrapper(Array)
#15 /chroot/home/giftoco/gifto.co/html/wp-content/plugins/elementor/includes/frontend.php(1074): Elementor\Frontend->get_builder_content(513469)
#16 /chroot/home/giftoco/gifto.co/html/wp-includes/class-wp-hook.php(310): Elementor\Frontend->apply_builder_in_content('...')
#17 /chroot/home/giftoco/gifto.co/html/wp-includes/plugin.php(205): WP_Hook->apply_filters('...', Array)
#18 /chroot/home/giftoco/gifto.co/html/wp-includes/post-template.php(256): apply_filters('...', '...')
#19 /chroot/home/giftoco/gifto.co/html/wp-content/themes/themes/minimog-child/template-parts/content-single-page.php(16): the_content()
#20 /chroot/home/giftoco/gifto.co/html/wp-includes/template.php(787): require('...')
#21 /chroot/home/giftoco/gifto.co/html/wp-includes/template.php(720): load_template('...', false, Array)
#22 /chroot/home/giftoco/gifto.co/html/wp-includes/general-template.php(206): locate_template(Array, true, false, Array)
#23 /chroot/home/giftoco/gifto.co/html/wp-content/themes/minimog/framework/class-functions.php(82): get_template_part('...', '', Array)
#24 /chroot/home/giftoco/gifto.co/html/wp-content/themes/minimog/page.php(30): minimog_load_template('...')
#25 /chroot/home/giftoco/gifto.co/html/wp-includes/template-loader.php(106): include('...')
#26 /chroot/home/giftoco/gifto.co/html/wp-blog-header.php(19): require_once('...')
#27 /chroot/home/giftoco/gifto.co/html/index.php(17): require('...')
#28 {main}
  thrown in /chroot/home/giftoco/gifto.co/html/wp-content/themes/themes/minimog-child/woocommerce/content-product.php on line 103

